<?xml version="1.0" encoding="UTF-8"?>
<!-- Generated by org.testng.reporters.JUnitReportReporter -->
<testsuite hostname="TYSS-Chaithra" failures="0" tests="1" name="com.crm.SDET25.Practice.SampleJDBCExecuteQuery" time="0.183" errors="0" timestamp="2021-11-19T13:22:17 IST" skipped="0">
  <testcase classname="com.crm.SDET25.Practice.SampleJDBCExecuteQuery" name="sampleJDBCExecuteQuery" time="0.183"/>
  <system-out/>
</testsuite> <!-- com.crm.SDET25.Practice.SampleJDBCExecuteQuery -->
