<?xml version="1.0" encoding="UTF-8"?>
<!-- Generated by org.testng.reporters.JUnitReportReporter -->
<testsuite hostname="TYSS-Chaithra" failures="0" tests="1" name="com.crm.SDET25.Practice.PropertyFileDemo" time="0.008" errors="0" timestamp="2021-11-22T11:31:22 IST" skipped="0">
  <testcase classname="com.crm.SDET25.Practice.PropertyFileDemo" name="propertyFileDemo" time="0.008"/>
  <system-out/>
</testsuite> <!-- com.crm.SDET25.Practice.PropertyFileDemo -->
