<?xml version="1.0" encoding="UTF-8"?>
<!-- Generated by org.testng.reporters.JUnitReportReporter -->
<testsuite hostname="TYSS-Chaithra" failures="0" tests="1" name="com.crm.SDET25.Practice.SampleJDBCExecuteUpdate" time="0.169" errors="0" timestamp="2021-11-19T13:30:09 IST" skipped="0">
  <testcase classname="com.crm.SDET25.Practice.SampleJDBCExecuteUpdate" name="sampleJDBCExecuteUpdate" time="0.169"/>
  <system-out/>
</testsuite> <!-- com.crm.SDET25.Practice.SampleJDBCExecuteUpdate -->
