<?xml version="1.0" encoding="UTF-8"?>
<!-- Generated by org.testng.reporters.JUnitReportReporter -->
<testsuite hostname="TYSS-Chaithra" failures="0" tests="1" name="com.crm.SDET25.BasicTestScripts.CreateOrganization" time="7.031" errors="0" timestamp="2021-11-22T12:14:44 IST" skipped="0">
  <testcase classname="com.crm.SDET25.BasicTestScripts.CreateOrganization" name="createOrganization" time="7.031"/>
  <system-out/>
</testsuite> <!-- com.crm.SDET25.BasicTestScripts.CreateOrganization -->
